<?xml version="1.0" encoding="UTF-8"?>
<!-- Generated by org.testng.reporters.JUnitReportReporter -->
<testsuite hostname="ARJUN" failures="0" tests="2" name="TestNG.sample2" time="0.017" errors="0" timestamp="2022-03-14T19:12:58 IST" skipped="0">
  <testcase classname="TestNG.sample2" name="TC5" time="0.004"/>
  <system-out/>
  <testcase classname="TestNG.sample2" name="TC6" time="0.013"/>
  <system-out/>
</testsuite> <!-- TestNG.sample2 -->
