<?xml version="1.0" encoding="UTF-8"?>
<!-- Generated by org.testng.reporters.JUnitReportReporter -->
<testsuite hostname="ARJUN" failures="0" tests="5" name="TestNG.TestNG_Keywords" time="0.020" errors="0" timestamp="2022-03-10T20:43:37 IST" skipped="1">
  <testcase classname="TestNG.TestNG_Keywords" name="TC7" time="0.001"/>
  <system-out>
    <![CDATA[Running TC7]]>
  </system-out>
  <testcase classname="TestNG.TestNG_Keywords" name="TC3" time="0.015"/>
  <system-out>
    <![CDATA[Running TC3]]>
  </system-out>
  <testcase classname="TestNG.TestNG_Keywords" name="TC2" time="0.002"/>
  <system-out>
    <![CDATA[Running TC2]]>
  </system-out>
  <testcase classname="TestNG.TestNG_Keywords" name="TC4" time="0.002"/>
  <system-out>
    <![CDATA[Running TC4]]>
  </system-out>
  <testcase classname="TestNG.TestNG_Keywords" name="TC5">
    <skipped/>
  </testcase> <!-- TC5 -->
  <system-out/>
</testsuite> <!-- TestNG.TestNG_Keywords -->
