<?xml version="1.0" encoding="UTF-8"?>
<!-- Generated by org.testng.reporters.JUnitReportReporter -->
<testsuite hostname="ARJUN" failures="0" tests="3" name="TestNG.sample1" time="0.021" errors="0" timestamp="2022-03-14T19:06:55 IST" skipped="0">
  <testcase classname="TestNG.sample1" name="TC1" time="0.013"/>
  <system-out/>
  <testcase classname="TestNG.sample1" name="TC2" time="0.004"/>
  <system-out/>
  <testcase classname="TestNG.sample1" name="TC3" time="0.004"/>
  <system-out/>
</testsuite> <!-- TestNG.sample1 -->
