<?xml version="1.0" encoding="UTF-8"?>
<!-- Generated by org.testng.reporters.JUnitReportReporter -->
<testsuite hostname="ARJUN" failures="0" tests="2" name="TestNG.TestNG_Test_Class" time="0.044" errors="0" timestamp="2022-03-10T11:17:45 IST" skipped="0">
  <testcase classname="TestNG.TestNG_Test_Class" name="test1" time="0.041"/>
  <system-out>
    <![CDATA[Good Night]]>
  </system-out>
  <testcase classname="TestNG.TestNG_Test_Class" name="test2" time="0.003"/>
  <system-out>
    <![CDATA[good morning]]>
  </system-out>
</testsuite> <!-- TestNG.TestNG_Test_Class -->
