<?xml version="1.0" encoding="UTF-8"?>
<!-- Generated by org.testng.reporters.JUnitReportReporter -->
<testsuite hostname="ARJUN" failures="0" tests="3" name="TestNG.sample3" time="0.004" errors="0" timestamp="2022-03-14T19:06:55 IST" skipped="0">
  <testcase classname="TestNG.sample3" name="TC10" time="0.001"/>
  <system-out/>
  <testcase classname="TestNG.sample3" name="TC9" time="0.002"/>
  <system-out/>
  <testcase classname="TestNG.sample3" name="TC8" time="0.001"/>
  <system-out/>
</testsuite> <!-- TestNG.sample3 -->
