<?xml version="1.0" encoding="UTF-8"?>
<!-- Generated by org.testng.reporters.JUnitReportReporter -->
<testsuite hostname="ARJUN" failures="0" tests="3" name="TestNG.dataProviderAnnotation" time="0.014" errors="0" timestamp="2022-03-14T23:16:55 IST" skipped="0">
  <testcase classname="TestNG.dataProviderAnnotation" name="display" time="0.003"/>
  <system-out/>
  <testcase classname="TestNG.dataProviderAnnotation" name="display" time="0.001"/>
  <system-out/>
  <testcase classname="TestNG.dataProviderAnnotation" name="display" time="0.010"/>
  <system-out/>
</testsuite> <!-- TestNG.dataProviderAnnotation -->
